The system is: Linux - 4.4.0-19041-Microsoft - x86_64
Compiling the C compiler identification source file "CMakeCCompilerId.c" succeeded.
Compiler: /usr/bin/cc 
Build flags: 
Id flags:  

The output was:
0


Compilation of the C compiler identification source "CMakeCCompilerId.c" produced "a.out"

The C compiler identification is GNU, found in "/mnt/d/FRIcka/5. Semester/Principy Operacnych Systemov/semestralka/Server/cmake-build-wsl/CMakeFiles/3.20.0/CompilerIdC/a.out"

Compiling the CXX compiler identification source file "CMakeCXXCompilerId.cpp" succeeded.
Compiler: /usr/bin/c++ 
Build flags: 
Id flags:  

The output was:
0


Compilation of the CXX compiler identification source "CMakeCXXCompilerId.cpp" produced "a.out"

The CXX compiler identification is GNU, found in "/mnt/d/FRIcka/5. Semester/Principy Operacnych Systemov/semestralka/Server/cmake-build-wsl/CMakeFiles/3.20.0/CompilerIdCXX/a.out"

Determining if the C compiler works passed with the following output:
Change Dir: /mnt/d/FRIcka/5. Semester/Principy Operacnych Systemov/semestralka/Server/cmake-build-wsl/CMakeFiles/CMakeTmp

Run Build Command(s):/usr/bin/make -f Makefile cmTC_6ca3b/fast && /usr/bin/make  -f CMakeFiles/cmTC_6ca3b.dir/build.make CMakeFiles/cmTC_6ca3b.dir/build
make[1]: Entering directory '/mnt/d/FRIcka/5. Semester/Principy Operacnych Systemov/semestralka/Server/cmake-build-wsl/CMakeFiles/CMakeTmp'
Building C object CMakeFiles/cmTC_6ca3b.dir/testCCompiler.c.o
/usr/bin/cc    -o CMakeFiles/cmTC_6ca3b.dir/testCCompiler.c.o -c "/mnt/d/FRIcka/5. Semester/Principy Operacnych Systemov/semestralka/Server/cmake-build-wsl/CMakeFiles/CMakeTmp/testCCompiler.c"
Linking C executable cmTC_6ca3b
/usr/local/bin/cmake -E cmake_link_script CMakeFiles/cmTC_6ca3b.dir/link.txt --verbose=1
/usr/bin/cc CMakeFiles/cmTC_6ca3b.dir/testCCompiler.c.o -o cmTC_6ca3b 
make[1]: Leaving directory '/mnt/d/FRIcka/5. Semester/Principy Operacnych Systemov/semestralka/Server/cmake-build-wsl/CMakeFiles/CMakeTmp'



Determining if the CXX compiler works passed with the following output:
Change Dir: /mnt/d/FRIcka/5. Semester/Principy Operacnych Systemov/semestralka/Server/cmake-build-wsl/CMakeFiles/CMakeTmp

Run Build Command(s):/usr/bin/make -f Makefile cmTC_a36a8/fast && /usr/bin/make  -f CMakeFiles/cmTC_a36a8.dir/build.make CMakeFiles/cmTC_a36a8.dir/build
make[1]: Entering directory '/mnt/d/FRIcka/5. Semester/Principy Operacnych Systemov/semestralka/Server/cmake-build-wsl/CMakeFiles/CMakeTmp'
Building CXX object CMakeFiles/cmTC_a36a8.dir/testCXXCompiler.cxx.o
/usr/bin/c++    -o CMakeFiles/cmTC_a36a8.dir/testCXXCompiler.cxx.o -c "/mnt/d/FRIcka/5. Semester/Principy Operacnych Systemov/semestralka/Server/cmake-build-wsl/CMakeFiles/CMakeTmp/testCXXCompiler.cxx"
Linking CXX executable cmTC_a36a8
/usr/local/bin/cmake -E cmake_link_script CMakeFiles/cmTC_a36a8.dir/link.txt --verbose=1
/usr/bin/c++ CMakeFiles/cmTC_a36a8.dir/testCXXCompiler.cxx.o -o cmTC_a36a8 
make[1]: Leaving directory '/mnt/d/FRIcka/5. Semester/Principy Operacnych Systemov/semestralka/Server/cmake-build-wsl/CMakeFiles/CMakeTmp'



